#
# There is insufficient memory for the Java Runtime Environment to continue.
# Native memory allocation (malloc) failed to allocate 32744 bytes. Error detail: ChunkPool::allocate
# Possible reasons:
#   The system is out of physical RAM or swap space
#   This process is running with CompressedOops enabled, and the Java Heap may be blocking the growth of the native heap
# Possible solutions:
#   Reduce memory load on the system
#   Increase physical memory or swap space
#   Check if swap backing store is full
#   Decrease Java heap size (-Xmx/-Xms)
#   Decrease number of Java threads
#   Decrease Java thread stack sizes (-Xss)
#   Set larger code cache with -XX:ReservedCodeCacheSize=
#   JVM is running with Unscaled Compressed Oops mode in which the Java heap is
#     placed in the first 4GB address space. The Java Heap base address is the
#     maximum limit for the native heap growth. Please use -XX:HeapBaseMinAddress
#     to set the Java Heap base and to place the Java Heap above 4GB virtual address.
# This output file may be truncated or incomplete.
#
#  Out of Memory Error (arena.cpp:79), pid=13804, tid=17424
#
# JRE version: OpenJDK Runtime Environment Temurin-17.0.12+7 (17.0.12+7) (build 17.0.12+7)
# Java VM: OpenJDK 64-Bit Server VM Temurin-17.0.12+7 (17.0.12+7, mixed mode, tiered, compressed oops, compressed class ptrs, parallel gc, windows-amd64)
# No core dump will be written. Minidumps are not enabled by default on client versions of Windows
#

---------------  S U M M A R Y ------------

Command Line: --add-modules=ALL-SYSTEM --add-opens=java.base/java.util=ALL-UNNAMED --add-opens=java.base/java.lang=ALL-UNNAMED --add-opens=java.base/sun.nio.fs=ALL-UNNAMED -Declipse.application=org.eclipse.jdt.ls.core.id1 -Dosgi.bundles.defaultStartLevel=4 -Declipse.product=org.eclipse.jdt.ls.core.product -Djava.import.generatesMetadataFilesAtProjectRoot=false -DDetectVMInstallationsJob.disabled=true -Dfile.encoding=utf8 -XX:+UseParallelGC -XX:GCTimeRatio=4 -XX:AdaptiveSizePolicyWeight=90 -Dsun.zip.disableMemoryMapping=true -Xmx1G -Xms100m -Xlog:disable -javaagent:c:\Users\CDAC\.vscode\extensions\redhat.java-1.34.0-win32-x64\lombok\lombok-1.18.33.jar c:\Users\CDAC\.vscode\extensions\redhat.java-1.34.0-win32-x64\server\plugins\org.eclipse.equinox.launcher_1.6.900.v20240613-2009.jar -configuration c:\Users\CDAC\AppData\Roaming\Code\User\globalStorage\redhat.java\1.34.0\config_ss_win -data c:\Users\CDAC\AppData\Roaming\Code\User\workspaceStorage\f97f9a21eb2829c68338386390aed002\redhat.java\ss_ws --pipe=\\.\pipe\lsp-ef325877164c207f721801dbeda5de64-sock

Host: 12th Gen Intel(R) Core(TM) i5-12400, 12 cores, 15G,  Windows 11 , 64 bit Build 22621 (10.0.22621.3958)
Time: Wed Oct  2 19:12:49 2024 India Standard Time elapsed time: 1.411935 seconds (0d 0h 0m 1s)

---------------  T H R E A D  ---------------

Current thread (0x0000015fe58370b0):  JavaThread "C1 CompilerThread0" daemon [_thread_in_native, id=17424, stack(0x00000011d1f00000,0x00000011d2000000)]


Current CompileTask:
C1:   1411 2285   !   3       com.sun.org.apache.xerces.internal.parsers.AbstractSAXParser::setFeature (584 bytes)

Stack: [0x00000011d1f00000,0x00000011d2000000]
Native frames: (J=compiled Java code, j=interpreted, Vv=VM code, C=native code)
V  [jvm.dll+0x67f929]
V  [jvm.dll+0x8371ba]
V  [jvm.dll+0x838c7e]
V  [jvm.dll+0x8392e3]
V  [jvm.dll+0x24834f]
V  [jvm.dll+0xacbd1]
V  [jvm.dll+0xad01c]
V  [jvm.dll+0x10ed20]
V  [jvm.dll+0x173104]
V  [jvm.dll+0x15fe8e]
V  [jvm.dll+0x14e010]
V  [jvm.dll+0x136b37]
V  [jvm.dll+0x1364cf]
V  [jvm.dll+0x136706]
V  [jvm.dll+0x135b9a]
V  [jvm.dll+0x137851]
V  [jvm.dll+0x229a2d]
V  [jvm.dll+0x227bdc]
V  [jvm.dll+0x7ec1f7]
V  [jvm.dll+0x7e65dc]
V  [jvm.dll+0x67e7f7]
C  [ucrtbase.dll+0x29333]
C  [KERNEL32.DLL+0x1257d]
C  [ntdll.dll+0x5af28]


---------------  P R O C E S S  ---------------

Threads class SMR info:
_java_thread_list=0x0000015fe77669d0, length=32, elements={
0x0000015fcc67b140, 0x0000015fe050a440, 0x0000015fe050c6c0, 0x0000015fe5810330,
0x0000015fe5810e00, 0x0000015fe58119c0, 0x0000015fe5814490, 0x0000015fe5815230,
0x0000015fe58370b0, 0x0000015fe584aeb0, 0x0000015fe58a9b70, 0x0000015fe5af5ee0,
0x0000015fe5afe230, 0x0000015fe6f9b800, 0x0000015fe730b3e0, 0x0000015fe7461260,
0x0000015fe7976010, 0x0000015fe7465ff0, 0x0000015fe74664d0, 0x0000015fe7571fa0,
0x0000015fe747f190, 0x0000015fe77a4d80, 0x0000015fe77a66d0, 0x0000015fe77a3430,
0x0000015fe77a57a0, 0x0000015fe77a2f20, 0x0000015fe77a3940, 0x0000015fe77a3e50,
0x0000015fe77a4360, 0x0000015fe77a5cb0, 0x0000015fe77a4870, 0x0000015fe77a5290
}

Java Threads: ( => current thread )
  0x0000015fcc67b140 JavaThread "main" [_thread_blocked, id=5596, stack(0x00000011d1500000,0x00000011d1600000)]
  0x0000015fe050a440 JavaThread "Reference Handler" daemon [_thread_blocked, id=8788, stack(0x00000011d1800000,0x00000011d1900000)]
  0x0000015fe050c6c0 JavaThread "Finalizer" daemon [_thread_blocked, id=1044, stack(0x00000011d1900000,0x00000011d1a00000)]
  0x0000015fe5810330 JavaThread "Signal Dispatcher" daemon [_thread_blocked, id=18224, stack(0x00000011d1a00000,0x00000011d1b00000)]
  0x0000015fe5810e00 JavaThread "Attach Listener" daemon [_thread_blocked, id=14808, stack(0x00000011d1b00000,0x00000011d1c00000)]
  0x0000015fe58119c0 JavaThread "Service Thread" daemon [_thread_blocked, id=18476, stack(0x00000011d1c00000,0x00000011d1d00000)]
  0x0000015fe5814490 JavaThread "Monitor Deflation Thread" daemon [_thread_blocked, id=16300, stack(0x00000011d1d00000,0x00000011d1e00000)]
  0x0000015fe5815230 JavaThread "C2 CompilerThread0" daemon [_thread_in_native, id=13544, stack(0x00000011d1e00000,0x00000011d1f00000)]
=>0x0000015fe58370b0 JavaThread "C1 CompilerThread0" daemon [_thread_in_native, id=17424, stack(0x00000011d1f00000,0x00000011d2000000)]
  0x0000015fe584aeb0 JavaThread "Sweeper thread" daemon [_thread_blocked, id=3500, stack(0x00000011d2000000,0x00000011d2100000)]
  0x0000015fe58a9b70 JavaThread "Common-Cleaner" daemon [_thread_blocked, id=20932, stack(0x00000011d2100000,0x00000011d2200000)]
  0x0000015fe5af5ee0 JavaThread "C2 CompilerThread1" daemon [_thread_in_native, id=16344, stack(0x00000011d2200000,0x00000011d2300000)]
  0x0000015fe5afe230 JavaThread "Notification Thread" daemon [_thread_blocked, id=17332, stack(0x00000011d2300000,0x00000011d2400000)]
  0x0000015fe6f9b800 JavaThread "C2 CompilerThread2" daemon [_thread_in_native, id=3792, stack(0x00000011d2500000,0x00000011d2600000)]
  0x0000015fe730b3e0 JavaThread "Equinox resolver thread - Equinox Container: 7d0caeca-5fcc-4f41-b86e-7d317f87333c" daemon [_thread_blocked, id=8412, stack(0x00000011d2b00000,0x00000011d2c00000)]
  0x0000015fe7461260 JavaThread "Equinox resolver thread - Equinox Container: 7d0caeca-5fcc-4f41-b86e-7d317f87333c" daemon [_thread_blocked, id=11984, stack(0x00000011d2c00000,0x00000011d2d00000)]
  0x0000015fe7976010 JavaThread "Equinox resolver thread - Equinox Container: 7d0caeca-5fcc-4f41-b86e-7d317f87333c" daemon [_thread_blocked, id=11212, stack(0x00000011d2d00000,0x00000011d2e00000)]
  0x0000015fe7465ff0 JavaThread "Equinox resolver thread - Equinox Container: 7d0caeca-5fcc-4f41-b86e-7d317f87333c" daemon [_thread_blocked, id=19804, stack(0x00000011d2e00000,0x00000011d2f00000)]
  0x0000015fe74664d0 JavaThread "Equinox resolver thread - Equinox Container: 7d0caeca-5fcc-4f41-b86e-7d317f87333c" daemon [_thread_blocked, id=12816, stack(0x00000011d2f00000,0x00000011d3000000)]
  0x0000015fe7571fa0 JavaThread "Equinox resolver thread - Equinox Container: 7d0caeca-5fcc-4f41-b86e-7d317f87333c" daemon [_thread_blocked, id=12868, stack(0x00000011d3000000,0x00000011d3100000)]
  0x0000015fe747f190 JavaThread "Active Thread: Equinox Container: 7d0caeca-5fcc-4f41-b86e-7d317f87333c" [_thread_blocked, id=15460, stack(0x00000011d3100000,0x00000011d3200000)]
  0x0000015fe77a4d80 JavaThread "Framework Event Dispatcher: Equinox Container: 7d0caeca-5fcc-4f41-b86e-7d317f87333c" daemon [_thread_blocked, id=8344, stack(0x00000011d3200000,0x00000011d3300000)]
  0x0000015fe77a66d0 JavaThread "Start Level: Equinox Container: 7d0caeca-5fcc-4f41-b86e-7d317f87333c" daemon [_thread_in_native, id=11952, stack(0x00000011d3300000,0x00000011d3400000)]
  0x0000015fe77a3430 JavaThread "Refresh Thread: Equinox Container: 7d0caeca-5fcc-4f41-b86e-7d317f87333c" daemon [_thread_blocked, id=14116, stack(0x00000011d3600000,0x00000011d3700000)]
  0x0000015fe77a57a0 JavaThread "Equinox resolver thread - Equinox Container: 7d0caeca-5fcc-4f41-b86e-7d317f87333c" daemon [_thread_blocked, id=20132, stack(0x00000011d3700000,0x00000011d3800000)]
  0x0000015fe77a2f20 JavaThread "Equinox resolver thread - Equinox Container: 7d0caeca-5fcc-4f41-b86e-7d317f87333c" daemon [_thread_blocked, id=6744, stack(0x00000011d3800000,0x00000011d3900000)]
  0x0000015fe77a3940 JavaThread "Equinox resolver thread - Equinox Container: 7d0caeca-5fcc-4f41-b86e-7d317f87333c" daemon [_thread_blocked, id=10464, stack(0x00000011d3900000,0x00000011d3a00000)]
  0x0000015fe77a3e50 JavaThread "Equinox resolver thread - Equinox Container: 7d0caeca-5fcc-4f41-b86e-7d317f87333c" daemon [_thread_blocked, id=14852, stack(0x00000011d3a00000,0x00000011d3b00000)]
  0x0000015fe77a4360 JavaThread "Equinox resolver thread - Equinox Container: 7d0caeca-5fcc-4f41-b86e-7d317f87333c" daemon [_thread_blocked, id=11040, stack(0x00000011d3b00000,0x00000011d3c00000)]
  0x0000015fe77a5cb0 JavaThread "Equinox resolver thread - Equinox Container: 7d0caeca-5fcc-4f41-b86e-7d317f87333c" daemon [_thread_blocked, id=5464, stack(0x00000011d3c00000,0x00000011d3d00000)]
  0x0000015fe77a4870 JavaThread "SCR Component Actor" daemon [_thread_blocked, id=13444, stack(0x00000011d3d00000,0x00000011d3e00000)]
  0x0000015fe77a5290 JavaThread "SCR Component Registry" daemon [_thread_blocked, id=12220, stack(0x00000011d3e00000,0x00000011d3f00000)]

Other Threads:
  0x0000015fcc72a270 VMThread "VM Thread" [stack: 0x00000011d1700000,0x00000011d1800000] [id=4032]
  0x0000015fe5afe710 WatcherThread [stack: 0x00000011d2400000,0x00000011d2500000] [id=15996]
  0x0000015fcc6911d0 GCTaskThread "GC Thread#0" [stack: 0x00000011d1600000,0x00000011d1700000] [id=5528]
  0x0000015fe7588c30 GCTaskThread "GC Thread#1" [stack: 0x00000011d2600000,0x00000011d2700000] [id=18676]
  0x0000015fe77411b0 GCTaskThread "GC Thread#2" [stack: 0x00000011d2700000,0x00000011d2800000] [id=13436]
  0x0000015fe7741470 GCTaskThread "GC Thread#3" [stack: 0x00000011d2800000,0x00000011d2900000] [id=12148]
  0x0000015fe7741730 GCTaskThread "GC Thread#4" [stack: 0x00000011d2900000,0x00000011d2a00000] [id=15064]
  0x0000015fe76ec0b0 GCTaskThread "GC Thread#5" [stack: 0x00000011d2a00000,0x00000011d2b00000] [id=8432]
  0x0000015fe74df6a0 GCTaskThread "GC Thread#6" [stack: 0x00000011d3400000,0x00000011d3500000] [id=15444]
  0x0000015fe6fee2f0 GCTaskThread "GC Thread#7" [stack: 0x00000011d3500000,0x00000011d3600000] [id=15044]

Threads with active compile tasks:
C2 CompilerThread0     1426 1793       4       org.apache.felix.resolver.ResolverImpl::mergeUses (495 bytes)
C1 CompilerThread0     1426 2285   !   3       com.sun.org.apache.xerces.internal.parsers.AbstractSAXParser::setFeature (584 bytes)
C2 CompilerThread1     1426 2304 %     4       java.util.Properties$LineReader::readLine @ 53 (584 bytes)

VM state: not at safepoint (normal execution)

VM Mutex/Monitor currently owned by a thread: None

Heap address: 0x00000000c0000000, size: 1024 MB, Compressed Oops mode: 32-bit

CDS archive(s) not mapped
Compressed class space mapped at: 0x0000000100000000-0x0000000140000000, reserved size: 1073741824
Narrow klass base: 0x0000000000000000, Narrow klass shift: 3, Narrow klass range: 0x140000000

GC Precious Log:
 CPUs: 12 total, 12 available
 Memory: 16099M
 Large Page Support: Disabled
 NUMA Support: Disabled
 Compressed Oops: Enabled (32-bit)
 Alignments: Space 512K, Generation 512K, Heap 2M
 Heap Min Capacity: 100M
 Heap Initial Capacity: 100M
 Heap Max Capacity: 1G
 Pre-touch: Disabled
 Parallel Workers: 10

Heap:
 PSYoungGen      total 29696K, used 16631K [0x00000000eab00000, 0x00000000ecc00000, 0x0000000100000000)
  eden space 25600K, 48% used [0x00000000eab00000,0x00000000eb73eac0,0x00000000ec400000)
  from space 4096K, 99% used [0x00000000ec400000,0x00000000ec7ff178,0x00000000ec800000)
  to   space 4096K, 0% used [0x00000000ec800000,0x00000000ec800000,0x00000000ecc00000)
 ParOldGen       total 68608K, used 2893K [0x00000000c0000000, 0x00000000c4300000, 0x00000000eab00000)
  object space 68608K, 4% used [0x00000000c0000000,0x00000000c02d3678,0x00000000c4300000)
 Metaspace       used 17953K, committed 18240K, reserved 1114112K
  class space    used 1825K, committed 1984K, reserved 1048576K

Card table byte_map: [0x0000015fcc010000,0x0000015fcc220000] _byte_map_base: 0x0000015fcba10000

Marking Bits: (ParMarkBitMap*) 0x00007ff8edf358b0
 Begin Bits: [0x0000015fde310000, 0x0000015fdf310000)
 End Bits:   [0x0000015fdf310000, 0x0000015fe0310000)

Polling page: 0x0000015fca5a0000

Metaspace:

Usage:
  Non-class:     15.75 MB used.
      Class:      1.78 MB used.
       Both:     17.53 MB used.

Virtual space:
  Non-class space:       64.00 MB reserved,      15.88 MB ( 25%) committed,  1 nodes.
      Class space:        1.00 GB reserved,       1.94 MB ( <1%) committed,  1 nodes.
             Both:        1.06 GB reserved,      17.81 MB (  2%) committed. 

Chunk freelists:
   Non-Class:  18.00 KB
       Class:  13.92 MB
        Both:  13.94 MB

MaxMetaspaceSize: unlimited
CompressedClassSpaceSize: 1.00 GB
Initial GC threshold: 21.00 MB
Current GC threshold: 21.00 MB
CDS: off
MetaspaceReclaimPolicy: balanced
 - commit_granule_bytes: 65536.
 - commit_granule_words: 8192.
 - virtual_space_node_default_size: 8388608.
 - enlarge_chunks_in_place: 1.
 - new_chunks_are_fully_committed: 0.
 - uncommit_free_chunks: 1.
 - use_allocation_guard: 0.
 - handle_deallocations: 1.


Internal statistics:

num_allocs_failed_limit: 0.
num_arena_births: 116.
num_arena_deaths: 0.
num_vsnodes_births: 2.
num_vsnodes_deaths: 0.
num_space_committed: 285.
num_space_uncommitted: 0.
num_chunks_returned_to_freelist: 0.
num_chunks_taken_from_freelist: 426.
num_chunk_merges: 0.
num_chunk_splits: 282.
num_chunks_enlarged: 213.
num_inconsistent_stats: 0.

CodeHeap 'non-profiled nmethods': size=120000Kb used=924Kb max_used=924Kb free=119075Kb
 bounds [0x0000015fd6de0000, 0x0000015fd7050000, 0x0000015fde310000]
CodeHeap 'profiled nmethods': size=120000Kb used=4451Kb max_used=4451Kb free=115548Kb
 bounds [0x0000015fcf310000, 0x0000015fcf770000, 0x0000015fd6840000]
CodeHeap 'non-nmethods': size=5760Kb used=1177Kb max_used=1195Kb free=4582Kb
 bounds [0x0000015fd6840000, 0x0000015fd6ab0000, 0x0000015fd6de0000]
 total_blobs=2758 nmethods=2287 adapters=385
 compilation: enabled
              stopped_count=0, restarted_count=0
 full_count=0

Compilation events (20 events):
Event: 1.399 Thread 0x0000015fe58370b0 nmethod 2279 0x0000015fcf765f90 code [0x0000015fcf766140, 0x0000015fcf7662e8]
Event: 1.400 Thread 0x0000015fe58370b0 2280       3       java.nio.MappedByteBuffer::limit (6 bytes)
Event: 1.400 Thread 0x0000015fe58370b0 nmethod 2280 0x0000015fcf766390 code [0x0000015fcf766540, 0x0000015fcf766748]
Event: 1.400 Thread 0x0000015fe58370b0 2281   !   3       jdk.internal.misc.ScopedMemoryAccess::copyMemory (31 bytes)
Event: 1.400 Thread 0x0000015fe58370b0 nmethod 2281 0x0000015fcf766890 code [0x0000015fcf766aa0, 0x0000015fcf767158]
Event: 1.400 Thread 0x0000015fe58370b0 2282   !   3       jdk.internal.misc.ScopedMemoryAccess::copyMemoryInternal (60 bytes)
Event: 1.400 Thread 0x0000015fe58370b0 nmethod 2282 0x0000015fcf767510 code [0x0000015fcf767700, 0x0000015fcf767c28]
Event: 1.400 Thread 0x0000015fe58370b0 2283  s    3       java.nio.channels.Channels$1::write (107 bytes)
Event: 1.401 Thread 0x0000015fe58370b0 nmethod 2283 0x0000015fcf767f10 code [0x0000015fcf768120, 0x0000015fcf768928]
Event: 1.403 Thread 0x0000015fe58370b0 2284       3       com.sun.org.apache.xerces.internal.jaxp.SAXParserImpl$JAXPSAXParser::setFeature0 (7 bytes)
Event: 1.403 Thread 0x0000015fe6f9b800 2286       4       java.util.ArrayList::contains (14 bytes)
Event: 1.403 Thread 0x0000015fe58370b0 nmethod 2284 0x0000015fcf768b90 code [0x0000015fcf768d20, 0x0000015fcf768e68]
Event: 1.403 Thread 0x0000015fe58370b0 2285   !   3       com.sun.org.apache.xerces.internal.parsers.AbstractSAXParser::setFeature (584 bytes)
Event: 1.403 Thread 0x0000015fe5af5ee0 2287 %     4       com.sun.org.apache.xerces.internal.impl.io.UTF8Reader::read @ 113 (1443 bytes)
Event: 1.404 Thread 0x0000015fe6f9b800 nmethod 2286 0x0000015fd6ec4d90 code [0x0000015fd6ec4f20, 0x0000015fd6ec5078]
Event: 1.404 Thread 0x0000015fe6f9b800 2293       4       org.eclipse.core.internal.registry.ReferenceMap::indexFor (55 bytes)
Event: 1.405 Thread 0x0000015fe6f9b800 nmethod 2293 0x0000015fd6ec5190 code [0x0000015fd6ec5300, 0x0000015fd6ec53d8]
Event: 1.405 Thread 0x0000015fe6f9b800 2300       4       com.sun.org.apache.xerces.internal.impl.XMLEntityScanner::scanLiteral (398 bytes)
Event: 1.407 Thread 0x0000015fe5af5ee0 nmethod 2287% 0x0000015fd6ec5490 code [0x0000015fd6ec5620, 0x0000015fd6ec5998]
Event: 1.407 Thread 0x0000015fe5af5ee0 2304 %     4       java.util.Properties$LineReader::readLine @ 53 (584 bytes)

GC Heap History (6 events):
Event: 0.677 GC heap before
{Heap before GC invocations=1 (full 0):
 PSYoungGen      total 29696K, used 25600K [0x00000000eab00000, 0x00000000ecc00000, 0x0000000100000000)
  eden space 25600K, 100% used [0x00000000eab00000,0x00000000ec400000,0x00000000ec400000)
  from space 4096K, 0% used [0x00000000ec800000,0x00000000ec800000,0x00000000ecc00000)
  to   space 4096K, 0% used [0x00000000ec400000,0x00000000ec400000,0x00000000ec800000)
 ParOldGen       total 68608K, used 0K [0x00000000c0000000, 0x00000000c4300000, 0x00000000eab00000)
  object space 68608K, 0% used [0x00000000c0000000,0x00000000c0000000,0x00000000c4300000)
 Metaspace       used 11096K, committed 11200K, reserved 1114112K
  class space    used 1107K, committed 1152K, reserved 1048576K
}
Event: 0.680 GC heap after
{Heap after GC invocations=1 (full 0):
 PSYoungGen      total 29696K, used 3124K [0x00000000eab00000, 0x00000000ecc00000, 0x0000000100000000)
  eden space 25600K, 0% used [0x00000000eab00000,0x00000000eab00000,0x00000000ec400000)
  from space 4096K, 76% used [0x00000000ec400000,0x00000000ec70d2d0,0x00000000ec800000)
  to   space 4096K, 0% used [0x00000000ec800000,0x00000000ec800000,0x00000000ecc00000)
 ParOldGen       total 68608K, used 16K [0x00000000c0000000, 0x00000000c4300000, 0x00000000eab00000)
  object space 68608K, 0% used [0x00000000c0000000,0x00000000c0004000,0x00000000c4300000)
 Metaspace       used 11096K, committed 11200K, reserved 1114112K
  class space    used 1107K, committed 1152K, reserved 1048576K
}
Event: 1.055 GC heap before
{Heap before GC invocations=2 (full 0):
 PSYoungGen      total 29696K, used 28724K [0x00000000eab00000, 0x00000000ecc00000, 0x0000000100000000)
  eden space 25600K, 100% used [0x00000000eab00000,0x00000000ec400000,0x00000000ec400000)
  from space 4096K, 76% used [0x00000000ec400000,0x00000000ec70d2d0,0x00000000ec800000)
  to   space 4096K, 0% used [0x00000000ec800000,0x00000000ec800000,0x00000000ecc00000)
 ParOldGen       total 68608K, used 16K [0x00000000c0000000, 0x00000000c4300000, 0x00000000eab00000)
  object space 68608K, 0% used [0x00000000c0000000,0x00000000c0004000,0x00000000c4300000)
 Metaspace       used 14192K, committed 14336K, reserved 1114112K
  class space    used 1423K, committed 1472K, reserved 1048576K
}
Event: 1.063 GC heap after
{Heap after GC invocations=2 (full 0):
 PSYoungGen      total 29696K, used 4095K [0x00000000eab00000, 0x00000000ecc00000, 0x0000000100000000)
  eden space 25600K, 0% used [0x00000000eab00000,0x00000000eab00000,0x00000000ec400000)
  from space 4096K, 99% used [0x00000000ec800000,0x00000000ecbffc60,0x00000000ecc00000)
  to   space 4096K, 0% used [0x00000000ec400000,0x00000000ec400000,0x00000000ec800000)
 ParOldGen       total 68608K, used 678K [0x00000000c0000000, 0x00000000c4300000, 0x00000000eab00000)
  object space 68608K, 0% used [0x00000000c0000000,0x00000000c00a99d0,0x00000000c4300000)
 Metaspace       used 14192K, committed 14336K, reserved 1114112K
  class space    used 1423K, committed 1472K, reserved 1048576K
}
Event: 1.269 GC heap before
{Heap before GC invocations=3 (full 0):
 PSYoungGen      total 29696K, used 29695K [0x00000000eab00000, 0x00000000ecc00000, 0x0000000100000000)
  eden space 25600K, 100% used [0x00000000eab00000,0x00000000ec400000,0x00000000ec400000)
  from space 4096K, 99% used [0x00000000ec800000,0x00000000ecbffc60,0x00000000ecc00000)
  to   space 4096K, 0% used [0x00000000ec400000,0x00000000ec400000,0x00000000ec800000)
 ParOldGen       total 68608K, used 678K [0x00000000c0000000, 0x00000000c4300000, 0x00000000eab00000)
  object space 68608K, 0% used [0x00000000c0000000,0x00000000c00a99d0,0x00000000c4300000)
 Metaspace       used 16022K, committed 16256K, reserved 1114112K
  class space    used 1631K, committed 1792K, reserved 1048576K
}
Event: 1.272 GC heap after
{Heap after GC invocations=3 (full 0):
 PSYoungGen      total 29696K, used 4092K [0x00000000eab00000, 0x00000000ecc00000, 0x0000000100000000)
  eden space 25600K, 0% used [0x00000000eab00000,0x00000000eab00000,0x00000000ec400000)
  from space 4096K, 99% used [0x00000000ec400000,0x00000000ec7ff178,0x00000000ec800000)
  to   space 4096K, 0% used [0x00000000ec800000,0x00000000ec800000,0x00000000ecc00000)
 ParOldGen       total 68608K, used 2893K [0x00000000c0000000, 0x00000000c4300000, 0x00000000eab00000)
  object space 68608K, 4% used [0x00000000c0000000,0x00000000c02d3678,0x00000000c4300000)
 Metaspace       used 16022K, committed 16256K, reserved 1114112K
  class space    used 1631K, committed 1792K, reserved 1048576K
}

Dll operation events (9 events):
Event: 0.031 Loaded shared library c:\Users\CDAC\.vscode\extensions\redhat.java-1.34.0-win32-x64\jre\17.0.12-win32-x86_64\bin\java.dll
Event: 0.207 Loaded shared library c:\Users\CDAC\.vscode\extensions\redhat.java-1.34.0-win32-x64\jre\17.0.12-win32-x86_64\bin\zip.dll
Event: 0.210 Loaded shared library C:\Users\CDAC\.vscode\extensions\redhat.java-1.34.0-win32-x64\jre\17.0.12-win32-x86_64\bin\instrument.dll
Event: 0.224 Loaded shared library C:\Users\CDAC\.vscode\extensions\redhat.java-1.34.0-win32-x64\jre\17.0.12-win32-x86_64\bin\net.dll
Event: 0.228 Loaded shared library C:\Users\CDAC\.vscode\extensions\redhat.java-1.34.0-win32-x64\jre\17.0.12-win32-x86_64\bin\nio.dll
Event: 0.234 Loaded shared library C:\Users\CDAC\.vscode\extensions\redhat.java-1.34.0-win32-x64\jre\17.0.12-win32-x86_64\bin\zip.dll
Event: 0.248 Loaded shared library C:\Users\CDAC\.vscode\extensions\redhat.java-1.34.0-win32-x64\jre\17.0.12-win32-x86_64\bin\jimage.dll
Event: 0.299 Loaded shared library c:\Users\CDAC\.vscode\extensions\redhat.java-1.34.0-win32-x64\jre\17.0.12-win32-x86_64\bin\verify.dll
Event: 1.127 Loaded shared library C:\Users\CDAC\AppData\Roaming\Code\User\globalStorage\redhat.java\1.34.0\config_ss_win\org.eclipse.equinox.launcher\org.eclipse.equinox.launcher.win32.win32.x86_64_1.2.1100.v20240722-2106\eclipse_11904.dll

Deoptimization events (20 events):
Event: 1.211 Thread 0x0000015fe77a66d0 Uncommon trap: trap_request=0xffffff6e fr.pc=0x0000015fd6e40d58 relative=0x0000000000000338
Event: 1.211 Thread 0x0000015fe77a66d0 Uncommon trap: reason=loop_limit_check action=maybe_recompile pc=0x0000015fd6e40d58 method=java.lang.StringLatin1.indexOf([BI[BII)I @ 37 c2
Event: 1.211 Thread 0x0000015fe77a66d0 DEOPT PACKING pc=0x0000015fd6e40d58 sp=0x00000011d33f8ec0
Event: 1.211 Thread 0x0000015fe77a66d0 DEOPT UNPACKING pc=0x0000015fd68966a3 sp=0x00000011d33f8e20 mode 2
Event: 1.298 Thread 0x0000015fe77a66d0 Uncommon trap: trap_request=0xffffffcc fr.pc=0x0000015fd6eb3644 relative=0x0000000000000324
Event: 1.298 Thread 0x0000015fe77a66d0 Uncommon trap: reason=intrinsic_or_type_checked_inlining action=make_not_entrant pc=0x0000015fd6eb3644 method=java.util.Arrays.copyOf([Ljava/lang/Object;ILjava/lang/Class;)[Ljava/lang/Object; @ 35 c2
Event: 1.298 Thread 0x0000015fe77a66d0 DEOPT PACKING pc=0x0000015fd6eb3644 sp=0x00000011d33fddf0
Event: 1.298 Thread 0x0000015fe77a66d0 DEOPT UNPACKING pc=0x0000015fd68966a3 sp=0x00000011d33fdd98 mode 2
Event: 1.312 Thread 0x0000015fe77a66d0 Uncommon trap: trap_request=0xffffff45 fr.pc=0x0000015fd6e1971c relative=0x000000000000015c
Event: 1.312 Thread 0x0000015fe77a66d0 Uncommon trap: reason=unstable_if action=reinterpret pc=0x0000015fd6e1971c method=java.lang.invoke.VarHandle.checkExactAccessMode(Ljava/lang/invoke/VarHandle$AccessDescriptor;)V @ 4 c2
Event: 1.312 Thread 0x0000015fe77a66d0 DEOPT PACKING pc=0x0000015fd6e1971c sp=0x00000011d33fd8c0
Event: 1.312 Thread 0x0000015fe77a66d0 DEOPT UNPACKING pc=0x0000015fd68966a3 sp=0x00000011d33fd800 mode 2
Event: 1.322 Thread 0x0000015fe77a66d0 Uncommon trap: trap_request=0xffffff45 fr.pc=0x0000015fd6e70308 relative=0x00000000000011c8
Event: 1.322 Thread 0x0000015fe77a66d0 Uncommon trap: reason=unstable_if action=reinterpret pc=0x0000015fd6e70308 method=java.io.WinNTFileSystem.normalize(Ljava/lang/String;II)Ljava/lang/String; @ 100 c2
Event: 1.322 Thread 0x0000015fe77a66d0 DEOPT PACKING pc=0x0000015fd6e70308 sp=0x00000011d33f9200
Event: 1.323 Thread 0x0000015fe77a66d0 DEOPT UNPACKING pc=0x0000015fd68966a3 sp=0x00000011d33f9140 mode 2
Event: 1.408 Thread 0x0000015fe77a66d0 DEOPT PACKING pc=0x0000015fcf72c8ae sp=0x00000011d33f8820
Event: 1.408 Thread 0x0000015fe77a66d0 DEOPT UNPACKING pc=0x0000015fd6896e43 sp=0x00000011d33f7ce0 mode 0
Event: 1.409 Thread 0x0000015fe77a66d0 DEOPT PACKING pc=0x0000015fcf72c8ae sp=0x00000011d33f8460
Event: 1.409 Thread 0x0000015fe77a66d0 DEOPT UNPACKING pc=0x0000015fd6896e43 sp=0x00000011d33f7920 mode 0

Classes loaded (20 events):
Event: 1.339 Loading class jdk/internal/access/JavaUtilResourceBundleAccess done
Event: 1.339 Loading class java/util/ResourceBundle$1 done
Event: 1.339 Loading class java/util/ResourceBundle$2
Event: 1.339 Loading class java/util/ResourceBundle$2 done
Event: 1.339 Loading class sun/util/PropertyResourceBundleCharset
Event: 1.339 Loading class sun/util/PropertyResourceBundleCharset done
Event: 1.339 Loading class sun/util/PropertyResourceBundleCharset$PropertiesFileDecoder
Event: 1.339 Loading class sun/util/PropertyResourceBundleCharset$PropertiesFileDecoder done
Event: 1.341 Loading class jdk/internal/reflect/UnsafeStaticObjectFieldAccessorImpl
Event: 1.341 Loading class jdk/internal/reflect/UnsafeStaticObjectFieldAccessorImpl done
Event: 1.342 Loading class java/lang/IllegalCallerException
Event: 1.342 Loading class java/lang/IllegalCallerException done
Event: 1.343 Loading class java/lang/StackWalker$Option
Event: 1.344 Loading class java/lang/StackWalker$Option done
Event: 1.344 Loading class org/xml/sax/SAXParseException
Event: 1.344 Loading class org/xml/sax/SAXParseException done
Event: 1.389 Loading class java/nio/file/StandardCopyOption
Event: 1.389 Loading class java/nio/file/StandardCopyOption done
Event: 1.400 Loading class sun/nio/fs/WindowsFileCopy
Event: 1.401 Loading class sun/nio/fs/WindowsFileCopy done

Classes unloaded (0 events):
No events

Classes redefined (0 events):
No events

Internal exceptions (20 events):
Event: 0.633 Thread 0x0000015fcc67b140 Exception <a 'java/lang/ClassNotFoundException'{0x00000000ec137dd0}: sun/net/www/protocol/d/Handler> (0x00000000ec137dd0) 
thrown [s\src\hotspot\share\classfile\systemDictionary.cpp, line 256]
Event: 0.633 Thread 0x0000015fcc67b140 Exception <a 'java/lang/ClassNotFoundException'{0x00000000ec138f48}: sun/net/www/protocol/c/Handler> (0x00000000ec138f48) 
thrown [s\src\hotspot\share\classfile\systemDictionary.cpp, line 256]
Event: 0.637 Thread 0x0000015fcc67b140 Exception <a 'java/io/FileNotFoundException'{0x00000000ec15c1f0}> (0x00000000ec15c1f0) 
thrown [s\src\hotspot\share\prims\jni.cpp, line 516]
Event: 0.654 Thread 0x0000015fcc67b140 Implicit null exception at 0x0000015fd6e35b7b to 0x0000015fd6e364fc
Event: 0.655 Thread 0x0000015fcc67b140 Implicit null exception at 0x0000015fd6e2f36c to 0x0000015fd6e2f548
Event: 0.655 Thread 0x0000015fcc67b140 Implicit null exception at 0x0000015fd6e2d86c to 0x0000015fd6e2da48
Event: 0.655 Thread 0x0000015fcc67b140 Implicit null exception at 0x0000015fd6deb88f to 0x0000015fd6deb905
Event: 0.685 Thread 0x0000015fcc67b140 Exception <a 'java/lang/NoSuchMethodError'{0x00000000eab37e20}: 'int java.lang.invoke.DirectMethodHandle$Holder.invokeStaticInit(java.lang.Object, java.lang.Object, java.lang.Object, java.lang.Object)'> (0x00000000eab37e20) 
thrown [s\src\hotspot\share\interpreter\linkResolver.cpp, line 759]
Event: 0.686 Thread 0x0000015fcc67b140 Exception <a 'java/lang/NoSuchMethodError'{0x00000000eab42588}: 'java.lang.Object java.lang.invoke.DirectMethodHandle$Holder.invokeInterface(java.lang.Object, java.lang.Object)'> (0x00000000eab42588) 
thrown [s\src\hotspot\share\interpreter\linkResolver.cpp, line 759]
Event: 0.686 Thread 0x0000015fcc67b140 Exception <a 'java/lang/IncompatibleClassChangeError'{0x00000000eab45d80}: Found class java.lang.Object, but interface was expected> (0x00000000eab45d80) 
thrown [s\src\hotspot\share\interpreter\linkResolver.cpp, line 826]
Event: 0.687 Thread 0x0000015fcc67b140 Exception <a 'java/lang/NoSuchMethodError'{0x00000000eab4a260}: 'void java.lang.invoke.DirectMethodHandle$Holder.invokeStatic(java.lang.Object, java.lang.Object)'> (0x00000000eab4a260) 
thrown [s\src\hotspot\share\interpreter\linkResolver.cpp, line 759]
Event: 0.687 Thread 0x0000015fcc67b140 Exception <a 'java/lang/NoSuchMethodError'{0x00000000eab4da60}: 'void java.lang.invoke.DirectMethodHandle$Holder.invokeStaticInit(java.lang.Object, java.lang.Object)'> (0x00000000eab4da60) 
thrown [s\src\hotspot\share\interpreter\linkResolver.cpp, line 759]
Event: 0.688 Thread 0x0000015fcc67b140 Exception <a 'java/lang/NoSuchMethodError'{0x00000000eab54fe0}: 'int java.lang.invoke.DirectMethodHandle$Holder.invokeStaticInit(java.lang.Object, java.lang.Object)'> (0x00000000eab54fe0) 
thrown [s\src\hotspot\share\interpreter\linkResolver.cpp, line 759]
Event: 0.811 Thread 0x0000015fcc67b140 Exception <a 'java/lang/NoSuchMethodError'{0x00000000eb6a20f8}: 'int java.lang.invoke.DirectMethodHandle$Holder.invokeSpecial(java.lang.Object, java.lang.Object, java.lang.Object)'> (0x00000000eb6a20f8) 
thrown [s\src\hotspot\share\interpreter\linkResolver.cpp, line 759]
Event: 0.853 Thread 0x0000015fcc67b140 Exception <a 'java/lang/NoSuchMethodError'{0x00000000ebca37b0}: 'java.lang.Object java.lang.invoke.DirectMethodHandle$Holder.newInvokeSpecial(java.lang.Object, int, java.lang.Object)'> (0x00000000ebca37b0) 
thrown [s\src\hotspot\share\interpreter\linkResolver.cpp, line 759]
Event: 1.123 Thread 0x0000015fcc67b140 Exception <a 'java/lang/UnsatisfiedLinkError'{0x00000000eb43b4c0}: 'void org.eclipse.equinox.launcher.JNIBridge._update_splash()'> (0x00000000eb43b4c0) 
thrown [s\src\hotspot\share\prims\nativeLookup.cpp, line 543]
Event: 1.127 Thread 0x0000015fe77a3430 Exception <a 'java/lang/NoSuchMethodError'{0x00000000eb49b0a8}: 'java.lang.Object java.lang.invoke.Invokers$Holder.invokeExact_MT(java.lang.Object, java.lang.Object, java.lang.Object, java.lang.Object, java.lang.Object, java.lang.Object)'> (0x00000000eb49b0a8) 
thrown [s\src\hotspot\share\interpreter\linkResolver.cpp, line 759]
Event: 1.230 Thread 0x0000015fe77a66d0 Exception <a 'java/lang/NoSuchMethodError'{0x00000000ec0c35d8}: 'java.lang.Object java.lang.invoke.DirectMethodHandle$Holder.invokeStaticInit(java.lang.Object)'> (0x00000000ec0c35d8) 
thrown [s\src\hotspot\share\interpreter\linkResolver.cpp, line 759]
Event: 1.245 Thread 0x0000015fe77a66d0 Exception <a 'java/lang/NullPointerException'{0x00000000ec1ea280}> (0x00000000ec1ea280) 
thrown [s\src\hotspot\share\interpreter\linkResolver.cpp, line 1350]
Event: 1.245 Thread 0x0000015fe77a66d0 Exception <a 'java/lang/NullPointerException'{0x00000000ec1ea558}> (0x00000000ec1ea558) 
thrown [s\src\hotspot\share\interpreter\linkResolver.cpp, line 1350]

VM Operations (20 events):
Event: 0.481 Executing VM operation: HandshakeAllThreads
Event: 0.481 Executing VM operation: HandshakeAllThreads done
Event: 0.636 Executing VM operation: ICBufferFull
Event: 0.636 Executing VM operation: ICBufferFull done
Event: 0.677 Executing VM operation: ParallelGCFailedAllocation
Event: 0.680 Executing VM operation: ParallelGCFailedAllocation done
Event: 0.846 Executing VM operation: HandshakeAllThreads
Event: 0.846 Executing VM operation: HandshakeAllThreads done
Event: 0.846 Executing VM operation: HandshakeAllThreads
Event: 0.846 Executing VM operation: HandshakeAllThreads done
Event: 1.055 Executing VM operation: ParallelGCFailedAllocation
Event: 1.063 Executing VM operation: ParallelGCFailedAllocation done
Event: 1.125 Executing VM operation: HandshakeAllThreads
Event: 1.125 Executing VM operation: HandshakeAllThreads done
Event: 1.144 Executing VM operation: HandshakeAllThreads
Event: 1.145 Executing VM operation: HandshakeAllThreads done
Event: 1.176 Executing VM operation: HandshakeAllThreads
Event: 1.180 Executing VM operation: HandshakeAllThreads done
Event: 1.269 Executing VM operation: ParallelGCFailedAllocation
Event: 1.272 Executing VM operation: ParallelGCFailedAllocation done

Events (20 events):
Event: 0.355 Thread 0x0000015fe5afe230 Thread added: 0x0000015fe5afe230
Event: 0.484 Thread 0x0000015fe6f9b800 Thread added: 0x0000015fe6f9b800
Event: 0.821 Thread 0x0000015fe730b3e0 Thread added: 0x0000015fe730b3e0
Event: 0.822 Thread 0x0000015fe7461260 Thread added: 0x0000015fe7461260
Event: 0.824 Thread 0x0000015fe7976010 Thread added: 0x0000015fe7976010
Event: 0.826 Thread 0x0000015fe7465ff0 Thread added: 0x0000015fe7465ff0
Event: 0.826 Thread 0x0000015fe74664d0 Thread added: 0x0000015fe74664d0
Event: 0.828 Thread 0x0000015fe7571fa0 Thread added: 0x0000015fe7571fa0
Event: 0.842 Thread 0x0000015fe747f190 Thread added: 0x0000015fe747f190
Event: 1.026 Thread 0x0000015fe77a4d80 Thread added: 0x0000015fe77a4d80
Event: 1.028 Thread 0x0000015fe77a66d0 Thread added: 0x0000015fe77a66d0
Event: 1.123 Thread 0x0000015fe77a3430 Thread added: 0x0000015fe77a3430
Event: 1.147 Thread 0x0000015fe77a57a0 Thread added: 0x0000015fe77a57a0
Event: 1.147 Thread 0x0000015fe77a2f20 Thread added: 0x0000015fe77a2f20
Event: 1.147 Thread 0x0000015fe77a3940 Thread added: 0x0000015fe77a3940
Event: 1.147 Thread 0x0000015fe77a3e50 Thread added: 0x0000015fe77a3e50
Event: 1.147 Thread 0x0000015fe77a4360 Thread added: 0x0000015fe77a4360
Event: 1.147 Thread 0x0000015fe77a5cb0 Thread added: 0x0000015fe77a5cb0
Event: 1.224 Thread 0x0000015fe77a4870 Thread added: 0x0000015fe77a4870
Event: 1.298 Thread 0x0000015fe77a5290 Thread added: 0x0000015fe77a5290


Dynamic libraries:
0x00007ff68ef50000 - 0x00007ff68ef5e000 	c:\Users\CDAC\.vscode\extensions\redhat.java-1.34.0-win32-x64\jre\17.0.12-win32-x86_64\bin\java.exe
0x00007ff933130000 - 0x00007ff933347000 	C:\WINDOWS\SYSTEM32\ntdll.dll
0x00007ff9315b0000 - 0x00007ff931674000 	C:\WINDOWS\System32\KERNEL32.DLL
0x00007ff930a80000 - 0x00007ff930e2d000 	C:\WINDOWS\System32\KERNELBASE.dll
0x00007ff930900000 - 0x00007ff930a11000 	C:\WINDOWS\System32\ucrtbase.dll
0x00007ff911280000 - 0x00007ff911297000 	c:\Users\CDAC\.vscode\extensions\redhat.java-1.34.0-win32-x64\jre\17.0.12-win32-x86_64\bin\jli.dll
0x00007ff931a90000 - 0x00007ff931c3e000 	C:\WINDOWS\System32\USER32.dll
0x00007ff930a50000 - 0x00007ff930a76000 	C:\WINDOWS\System32\win32u.dll
0x00007ff932660000 - 0x00007ff932689000 	C:\WINDOWS\System32\GDI32.dll
0x00007ff930510000 - 0x00007ff930629000 	C:\WINDOWS\System32\gdi32full.dll
0x00007ff9306f0000 - 0x00007ff93078a000 	C:\WINDOWS\System32\msvcp_win.dll
0x00007ff90d5b0000 - 0x00007ff90d5cb000 	c:\Users\CDAC\.vscode\extensions\redhat.java-1.34.0-win32-x64\jre\17.0.12-win32-x86_64\bin\VCRUNTIME140.dll
0x00007ff9218d0000 - 0x00007ff921b63000 	C:\WINDOWS\WinSxS\amd64_microsoft.windows.common-controls_6595b64144ccf1df_6.0.22621.3672_none_2713b9d173822955\COMCTL32.dll
0x00007ff9319e0000 - 0x00007ff931a87000 	C:\WINDOWS\System32\msvcrt.dll
0x00007ff931e20000 - 0x00007ff931e51000 	C:\WINDOWS\System32\IMM32.DLL
0x00007ff923440000 - 0x00007ff92344c000 	c:\Users\CDAC\.vscode\extensions\redhat.java-1.34.0-win32-x64\jre\17.0.12-win32-x86_64\bin\vcruntime140_1.dll
0x00007ff8ff0f0000 - 0x00007ff8ff17d000 	c:\Users\CDAC\.vscode\extensions\redhat.java-1.34.0-win32-x64\jre\17.0.12-win32-x86_64\bin\msvcp140.dll
0x00007ff8ed390000 - 0x00007ff8edffa000 	c:\Users\CDAC\.vscode\extensions\redhat.java-1.34.0-win32-x64\jre\17.0.12-win32-x86_64\bin\server\jvm.dll
0x00007ff932520000 - 0x00007ff9325d2000 	C:\WINDOWS\System32\ADVAPI32.dll
0x00007ff931340000 - 0x00007ff9313e9000 	C:\WINDOWS\System32\sechost.dll
0x00007ff930a20000 - 0x00007ff930a48000 	C:\WINDOWS\System32\bcrypt.dll
0x00007ff931760000 - 0x00007ff931874000 	C:\WINDOWS\System32\RPCRT4.dll
0x00007ff9318e0000 - 0x00007ff931951000 	C:\WINDOWS\System32\WS2_32.dll
0x00007ff92f7c0000 - 0x00007ff92f80d000 	C:\WINDOWS\SYSTEM32\POWRPROF.dll
0x00007ff924630000 - 0x00007ff924664000 	C:\WINDOWS\SYSTEM32\WINMM.dll
0x00007ff921c90000 - 0x00007ff921c9a000 	C:\WINDOWS\SYSTEM32\VERSION.dll
0x00007ff92f760000 - 0x00007ff92f773000 	C:\WINDOWS\SYSTEM32\UMPDC.dll
0x00007ff92f430000 - 0x00007ff92f448000 	C:\WINDOWS\SYSTEM32\kernel.appcore.dll
0x00007ff922740000 - 0x00007ff92274a000 	c:\Users\CDAC\.vscode\extensions\redhat.java-1.34.0-win32-x64\jre\17.0.12-win32-x86_64\bin\jimage.dll
0x00007ff92de20000 - 0x00007ff92e052000 	C:\WINDOWS\SYSTEM32\DBGHELP.DLL
0x00007ff930fb0000 - 0x00007ff93133e000 	C:\WINDOWS\System32\combase.dll
0x00007ff931c40000 - 0x00007ff931d17000 	C:\WINDOWS\System32\OLEAUT32.dll
0x00007ff920e60000 - 0x00007ff920e92000 	C:\WINDOWS\SYSTEM32\dbgcore.DLL
0x00007ff930420000 - 0x00007ff93049b000 	C:\WINDOWS\System32\bcryptPrimitives.dll
0x00007ff9226a0000 - 0x00007ff9226ae000 	c:\Users\CDAC\.vscode\extensions\redhat.java-1.34.0-win32-x64\jre\17.0.12-win32-x86_64\bin\instrument.dll
0x00007ff90e250000 - 0x00007ff90e275000 	c:\Users\CDAC\.vscode\extensions\redhat.java-1.34.0-win32-x64\jre\17.0.12-win32-x86_64\bin\java.dll
0x00007ff90f210000 - 0x00007ff90f228000 	c:\Users\CDAC\.vscode\extensions\redhat.java-1.34.0-win32-x64\jre\17.0.12-win32-x86_64\bin\zip.dll
0x00007ff932850000 - 0x00007ff9330b7000 	C:\WINDOWS\System32\SHELL32.dll
0x00007ff92e350000 - 0x00007ff92ec4f000 	C:\WINDOWS\SYSTEM32\windows.storage.dll
0x00007ff92e210000 - 0x00007ff92e34f000 	C:\WINDOWS\SYSTEM32\wintypes.dll
0x00007ff932340000 - 0x00007ff932439000 	C:\WINDOWS\System32\SHCORE.dll
0x00007ff931e60000 - 0x00007ff931ebe000 	C:\WINDOWS\System32\shlwapi.dll
0x00007ff930350000 - 0x00007ff930377000 	C:\WINDOWS\SYSTEM32\profapi.dll
0x00007ff90eb70000 - 0x00007ff90eb89000 	C:\Users\CDAC\.vscode\extensions\redhat.java-1.34.0-win32-x64\jre\17.0.12-win32-x86_64\bin\net.dll
0x00007ff92c3b0000 - 0x00007ff92c4e6000 	C:\WINDOWS\SYSTEM32\WINHTTP.dll
0x00007ff92f980000 - 0x00007ff92f9e9000 	C:\WINDOWS\system32\mswsock.dll
0x00007ff90d5e0000 - 0x00007ff90d5f6000 	C:\Users\CDAC\.vscode\extensions\redhat.java-1.34.0-win32-x64\jre\17.0.12-win32-x86_64\bin\nio.dll
0x00007ff920ea0000 - 0x00007ff920eb0000 	c:\Users\CDAC\.vscode\extensions\redhat.java-1.34.0-win32-x64\jre\17.0.12-win32-x86_64\bin\verify.dll
0x00007ff9026a0000 - 0x00007ff9026e5000 	C:\Users\CDAC\AppData\Roaming\Code\User\globalStorage\redhat.java\1.34.0\config_ss_win\org.eclipse.equinox.launcher\org.eclipse.equinox.launcher.win32.win32.x86_64_1.2.1100.v20240722-2106\eclipse_11904.dll
0x00007ff9326a0000 - 0x00007ff932845000 	C:\WINDOWS\System32\ole32.dll

dbghelp: loaded successfully - version: 4.0.5 - missing functions: none
symbol engine: initialized successfully - sym options: 0x614 - pdb path: .;c:\Users\CDAC\.vscode\extensions\redhat.java-1.34.0-win32-x64\jre\17.0.12-win32-x86_64\bin;C:\WINDOWS\SYSTEM32;C:\WINDOWS\WinSxS\amd64_microsoft.windows.common-controls_6595b64144ccf1df_6.0.22621.3672_none_2713b9d173822955;c:\Users\CDAC\.vscode\extensions\redhat.java-1.34.0-win32-x64\jre\17.0.12-win32-x86_64\bin\server;C:\Users\CDAC\AppData\Roaming\Code\User\globalStorage\redhat.java\1.34.0\config_ss_win\org.eclipse.equinox.launcher\org.eclipse.equinox.launcher.win32.win32.x86_64_1.2.1100.v20240722-2106

VM Arguments:
jvm_args: --add-modules=ALL-SYSTEM --add-opens=java.base/java.util=ALL-UNNAMED --add-opens=java.base/java.lang=ALL-UNNAMED --add-opens=java.base/sun.nio.fs=ALL-UNNAMED -Declipse.application=org.eclipse.jdt.ls.core.id1 -Dosgi.bundles.defaultStartLevel=4 -Declipse.product=org.eclipse.jdt.ls.core.product -Djava.import.generatesMetadataFilesAtProjectRoot=false -DDetectVMInstallationsJob.disabled=true -Dfile.encoding=utf8 -XX:+UseParallelGC -XX:GCTimeRatio=4 -XX:AdaptiveSizePolicyWeight=90 -Dsun.zip.disableMemoryMapping=true -Xmx1G -Xms100m -Xlog:disable -javaagent:c:\Users\CDAC\.vscode\extensions\redhat.java-1.34.0-win32-x64\lombok\lombok-1.18.33.jar 
java_command: c:\Users\CDAC\.vscode\extensions\redhat.java-1.34.0-win32-x64\server\plugins\org.eclipse.equinox.launcher_1.6.900.v20240613-2009.jar -configuration c:\Users\CDAC\AppData\Roaming\Code\User\globalStorage\redhat.java\1.34.0\config_ss_win -data c:\Users\CDAC\AppData\Roaming\Code\User\workspaceStorage\f97f9a21eb2829c68338386390aed002\redhat.java\ss_ws --pipe=\\.\pipe\lsp-ef325877164c207f721801dbeda5de64-sock
java_class_path (initial): c:\Users\CDAC\.vscode\extensions\redhat.java-1.34.0-win32-x64\server\plugins\org.eclipse.equinox.launcher_1.6.900.v20240613-2009.jar
Launcher Type: SUN_STANDARD

[Global flags]
    uintx AdaptiveSizePolicyWeight                 = 90                                        {product} {command line}
     intx CICompilerCount                          = 4                                         {product} {ergonomic}
    uintx GCTimeRatio                              = 4                                         {product} {command line}
   size_t InitialHeapSize                          = 104857600                                 {product} {command line}
   size_t MaxHeapSize                              = 1073741824                                {product} {command line}
   size_t MaxNewSize                               = 357564416                                 {product} {ergonomic}
   size_t MinHeapDeltaBytes                        = 524288                                    {product} {ergonomic}
   size_t MinHeapSize                              = 104857600                                 {product} {command line}
   size_t NewSize                                  = 34603008                                  {product} {ergonomic}
    uintx NonNMethodCodeHeapSize                   = 5839372                                {pd product} {ergonomic}
    uintx NonProfiledCodeHeapSize                  = 122909434                              {pd product} {ergonomic}
   size_t OldSize                                  = 70254592                                  {product} {ergonomic}
    uintx ProfiledCodeHeapSize                     = 122909434                              {pd product} {ergonomic}
    uintx ReservedCodeCacheSize                    = 251658240                              {pd product} {ergonomic}
     bool SegmentedCodeCache                       = true                                      {product} {ergonomic}
   size_t SoftMaxHeapSize                          = 1073741824                             {manageable} {ergonomic}
     bool UseCompressedClassPointers               = true                           {product lp64_product} {ergonomic}
     bool UseCompressedOops                        = true                           {product lp64_product} {ergonomic}
     bool UseLargePagesIndividualAllocation        = false                                  {pd product} {ergonomic}
     bool UseParallelGC                            = true                                      {product} {command line}

Logging:
Log output configuration:
 #0: stdout all=off uptime,level,tags
 #1: stderr all=off uptime,level,tags

Environment Variables:
PATH=C:\Program Files\Java\jdk-21\bin;C:\Program Files\Common Files\Oracle\Java\javapath;C:\oraclexe\app\oracle\product\11.2.0\server\bin;C:\app\Admin\product\21c\dbhomeXE\bin;C:\Program Files (x86)\VMware\VMware Player\bin\;C:\WINDOWS\system32;C:\WINDOWS;C:\WINDOWS\System32\Wbem;C:\WINDOWS\System32\WindowsPowerShell\v1.0\;C:\WINDOWS\System32\OpenSSH\;C:\Program Files (x86)\Kaspersky Lab\Kaspersky Endpoint Security for Windows\;C:\Program Files\PuTTY\;C:\ProgramData\chocolatey\bin;C:\Program Files\Git\cmd;C:\Program Files\dotnet\;D:\Dinesh-spring\apache-maven-3.8.7-bin\apache-maven-3.8.7\bin\;C:\Program Files (x86)\Microsoft SQL Server\160\Tools\Binn\;C:\Program Files\Microsoft SQL Server\160\Tools\Binn\;C:\Program Files\Microsoft SQL Server\Client SDK\ODBC\170\Tools\Binn\;C:\Program Files\Microsoft SQL Server\160\DTS\Binn\;C:\Program Files (x86)\Microsoft SQL Server\160\DTS\Binn\;C:\Program Files\Azure Data Studio\bin;C:\Program Files\Microsoft SQL Server\150\Tools\Binn\;C:\Program Files\nodejs\;C:\Users\CDAC\AppData\Local\Programs\Python\Launcher\;C:\Users\CDAC\.console-ninja\.bin;C:\Program Files\MySQL\MySQL Shell 8.0\bin\;C:\Users\CDAC\AppData\Local\Microsoft\WindowsApps;C:\Users\CDAC\AppData\Local\Programs\Microsoft VS Code\bin;C:\Users\CDAC\.dotnet\tools;C:\Program Files\Azure Data Studio\bin;C:\Users\CDAC\AppData\Roaming\npm
USERNAME=CDAC
OS=Windows_NT
PROCESSOR_IDENTIFIER=Intel64 Family 6 Model 151 Stepping 5, GenuineIntel
TMP=C:\Users\CDAC\AppData\Local\Temp
TEMP=C:\Users\CDAC\AppData\Local\Temp



Periodic native trim disabled


---------------  S Y S T E M  ---------------

OS:
 Windows 11 , 64 bit Build 22621 (10.0.22621.3958)
OS uptime: 6 days 0:59 hours
Hyper-V role detected

CPU: total 12 (initial active 12) (6 cores per cpu, 2 threads per core) family 6 model 151 stepping 5 microcode 0x1e, cx8, cmov, fxsr, ht, mmx, 3dnowpref, sse, sse2, sse3, ssse3, sse4.1, sse4.2, popcnt, lzcnt, tsc, tscinvbit, avx, avx2, aes, erms, clmul, bmi1, bmi2, adx, sha, fma, vzeroupper, clflush, clflushopt, clwb, hv
Processor Information for all 12 processors :
  Max Mhz: 2500, Current Mhz: 2500, Mhz Limit: 2500

Memory: 4k page, system-wide physical 16099M (3429M free)
TotalPageFile size 65251M (AvailPageFile size 270M)
current process WorkingSet (physical memory assigned to process): 124M, peak: 124M
current process commit charge ("private bytes"): 244M, peak: 244M

vm_info: OpenJDK 64-Bit Server VM (17.0.12+7) for windows-amd64 JRE (17.0.12+7), built on Jul 16 2024 22:08:24 by "admin" with MS VC++ 16.10 / 16.11 (VS2019)

END.
